2013-12-18 21:01:03,320 [Worker-13] INFO  o.e.m.c.i.p.ProjectConfigurationManager - Collecting project info '/pom.xml' D:\PrimefacesBlueprints\primefaces-blueprints\primefaces-blueprints\pom.xml
2013-12-18 21:01:12,733 [Worker-13] INFO  o.e.m.c.i.l.LifecycleMappingFactory - Using org.eclipse.m2e.jdt.JarLifecycleMapping lifecycle mapping for MavenProject: com.packt.blueprints:primefaces-blueprints:0.0.1-SNAPSHOT @ D:\PrimefacesBlueprints\primefaces-blueprints\primefaces-blueprints\pom.xml.
2013-12-18 21:01:14,945 [Worker-13] INFO  o.e.m.j.i.AbstractJavaProjectConfigurator - Adding source folder /primefaces-blueprints/src/main/java
2013-12-18 21:01:14,950 [Worker-13] INFO  o.e.m.j.i.AbstractJavaProjectConfigurator - Adding source folder /primefaces-blueprints/src/test/java
2013-12-18 21:01:15,399 [Worker-17] INFO  o.e.m.c.i.l.LifecycleMappingFactory - Using org.eclipse.m2e.jdt.JarLifecycleMapping lifecycle mapping for MavenProject: com.packt.blueprints:primefaces-blueprints:0.0.1-SNAPSHOT @ D:\PrimefacesBlueprints\primefaces-blueprints\primefaces-blueprints\pom.xml.
2013-12-18 21:01:18,953 [Worker-13] INFO  o.e.m.c.i.p.ProjectConfigurationManager - Project import completed 15 sec
2013-12-18 21:01:21,547 [Worker-16] INFO  o.e.m.c.i.l.LifecycleMappingFactory - Using org.eclipse.m2e.jdt.JarLifecycleMapping lifecycle mapping for MavenProject: com.packt.blueprints:primefaces-blueprints:0.0.1-SNAPSHOT @ D:\PrimefacesBlueprints\primefaces-blueprints\primefaces-blueprints\pom.xml.
2013-12-18 21:01:21,662 [Worker-16] INFO  o.e.m.c.i.embedder.EclipseLogger - Using 'UTF-8' encoding to copy filtered resources.
2013-12-18 21:01:21,662 [Worker-16] INFO  o.e.m.c.i.embedder.EclipseLogger - skip non existing resourceDirectory D:\PrimefacesBlueprints\primefaces-blueprints\primefaces-blueprints\src\main\resources
2013-12-18 21:01:21,665 [Worker-16] INFO  o.e.m.c.i.embedder.EclipseLogger - Using 'UTF-8' encoding to copy filtered resources.
2013-12-18 21:01:21,665 [Worker-16] INFO  o.e.m.c.i.embedder.EclipseLogger - skip non existing resourceDirectory D:\PrimefacesBlueprints\primefaces-blueprints\primefaces-blueprints\src\test\resources
2013-12-18 21:08:50,424 [Worker-16] INFO  o.e.m.c.i.l.LifecycleMappingFactory - Using NULL lifecycle mapping for MavenProject: com.packt.blueprints:primefaces-blueprints:0.0.1-SNAPSHOT @ D:\PrimefacesBlueprints\primefaces-blueprints\primefaces-blueprints\pom.xml.
2013-12-18 21:08:51,607 [Worker-19] INFO  o.e.m.c.i.l.LifecycleMappingFactory - Using NULL lifecycle mapping for MavenProject: com.packt.blueprints:primefaces-blueprints:0.0.1-SNAPSHOT @ D:\PrimefacesBlueprints\primefaces-blueprints\primefaces-blueprints\pom.xml.
2013-12-18 21:11:43,018 [Worker-19] INFO  o.e.m.c.i.l.LifecycleMappingFactory - Using org.maven.ide.eclipse.wtp.WarLifecycleMapping lifecycle mapping for MavenProject: com.packt.blueprints:chapter01:0.0.1-SNAPSHOT @ D:\PrimefacesBlueprints\primefaces-blueprints\primefaces-blueprints\chapter01\pom.xml.
2013-12-18 21:11:43,725 [Worker-19] INFO  o.e.m.j.i.AbstractJavaProjectConfigurator - Adding source folder /chapter01/src/main/java
2013-12-18 21:11:43,725 [Worker-19] INFO  o.e.m.j.i.AbstractJavaProjectConfigurator - Adding resource folder /chapter01/src/main/resources
2013-12-18 21:11:43,726 [Worker-19] INFO  o.e.m.j.i.AbstractJavaProjectConfigurator - Adding source folder /chapter01/src/test/java
2013-12-18 21:11:43,726 [Worker-19] INFO  o.e.m.j.i.AbstractJavaProjectConfigurator - Adding resource folder /chapter01/src/test/resources
2013-12-18 21:11:45,602 [Worker-22] INFO  o.e.m.c.i.l.LifecycleMappingFactory - Using org.maven.ide.eclipse.wtp.WarLifecycleMapping lifecycle mapping for MavenProject: com.packt.blueprints:chapter01:0.0.1-SNAPSHOT @ D:\PrimefacesBlueprints\primefaces-blueprints\primefaces-blueprints\chapter01\pom.xml.
2013-12-18 21:11:51,521 [Worker-18] INFO  o.e.m.c.i.l.LifecycleMappingFactory - Using org.maven.ide.eclipse.wtp.WarLifecycleMapping lifecycle mapping for MavenProject: com.packt.blueprints:chapter01:0.0.1-SNAPSHOT @ D:\PrimefacesBlueprints\primefaces-blueprints\primefaces-blueprints\chapter01\pom.xml.
2013-12-18 21:11:51,691 [Worker-18] WARN  o.e.m.c.i.embedder.EclipseLogger - Using platform encoding (Cp1252 actually) to copy filtered resources, i.e. build is platform dependent!
2013-12-18 21:11:51,731 [Worker-18] INFO  o.e.m.c.i.embedder.EclipseLogger - Copying 0 resource
2013-12-18 21:11:51,733 [Worker-18] WARN  o.e.m.c.i.embedder.EclipseLogger - Using platform encoding (Cp1252 actually) to copy filtered resources, i.e. build is platform dependent!
2013-12-18 21:11:51,734 [Worker-18] INFO  o.e.m.c.i.embedder.EclipseLogger - Copying 0 resource
2013-12-18 21:11:54,338 [Worker-27] INFO  o.e.m.c.i.l.LifecycleMappingFactory - Using NULL lifecycle mapping for MavenProject: com.packt.blueprints:primefaces-blueprints:0.0.1-SNAPSHOT @ D:\PrimefacesBlueprints\primefaces-blueprints\primefaces-blueprints\pom.xml.
2013-12-18 21:11:54,377 [Worker-27] INFO  o.e.m.c.i.l.LifecycleMappingFactory - Using org.maven.ide.eclipse.wtp.WarLifecycleMapping lifecycle mapping for MavenProject: com.packt.blueprints:chapter01:0.0.1-SNAPSHOT @ D:\PrimefacesBlueprints\primefaces-blueprints\primefaces-blueprints\chapter01\pom.xml.
2013-12-18 21:11:55,895 [Worker-18] WARN  o.e.m.c.i.embedder.EclipseLogger - Using platform encoding (Cp1252 actually) to copy filtered resources, i.e. build is platform dependent!
2013-12-18 21:11:55,917 [Worker-18] INFO  o.e.m.c.i.embedder.EclipseLogger - Copying 0 resource
2013-12-18 21:11:55,919 [Worker-18] WARN  o.e.m.c.i.embedder.EclipseLogger - Using platform encoding (Cp1252 actually) to copy filtered resources, i.e. build is platform dependent!
2013-12-18 21:11:55,919 [Worker-18] INFO  o.e.m.c.i.embedder.EclipseLogger - Copying 0 resource
2013-12-18 21:12:56,205 [Worker-25] INFO  o.e.m.c.i.l.LifecycleMappingFactory - Using org.maven.ide.eclipse.wtp.WarLifecycleMapping lifecycle mapping for MavenProject: com.packt.blueprints:chapter02:0.0.1-SNAPSHOT @ D:\PrimefacesBlueprints\primefaces-blueprints\primefaces-blueprints\chapter02\pom.xml.
2013-12-18 21:12:56,351 [Worker-25] INFO  o.e.m.j.i.AbstractJavaProjectConfigurator - Adding source folder /chapter02/src/main/java
2013-12-18 21:12:56,351 [Worker-25] INFO  o.e.m.j.i.AbstractJavaProjectConfigurator - Adding resource folder /chapter02/src/main/resources
2013-12-18 21:12:56,351 [Worker-25] INFO  o.e.m.j.i.AbstractJavaProjectConfigurator - Adding source folder /chapter02/src/test/java
2013-12-18 21:12:56,351 [Worker-25] INFO  o.e.m.j.i.AbstractJavaProjectConfigurator - Adding resource folder /chapter02/src/test/resources
2013-12-18 21:12:57,200 [Worker-26] INFO  o.e.m.c.i.l.LifecycleMappingFactory - Using org.maven.ide.eclipse.wtp.WarLifecycleMapping lifecycle mapping for MavenProject: com.packt.blueprints:chapter02:0.0.1-SNAPSHOT @ D:\PrimefacesBlueprints\primefaces-blueprints\primefaces-blueprints\chapter02\pom.xml.
2013-12-18 21:12:57,804 [Worker-26] WARN  o.e.m.c.i.embedder.EclipseLogger - Using platform encoding (Cp1252 actually) to copy filtered resources, i.e. build is platform dependent!
2013-12-18 21:12:57,805 [Worker-26] INFO  o.e.m.c.i.embedder.EclipseLogger - Copying 0 resource
2013-12-18 21:12:57,806 [Worker-26] WARN  o.e.m.c.i.embedder.EclipseLogger - Using platform encoding (Cp1252 actually) to copy filtered resources, i.e. build is platform dependent!
2013-12-18 21:12:57,807 [Worker-26] INFO  o.e.m.c.i.embedder.EclipseLogger - Copying 0 resource
2013-12-18 21:12:57,961 [Worker-23] INFO  o.e.m.c.i.l.LifecycleMappingFactory - Using org.maven.ide.eclipse.wtp.WarLifecycleMapping lifecycle mapping for MavenProject: com.packt.blueprints:chapter02:0.0.1-SNAPSHOT @ D:\PrimefacesBlueprints\primefaces-blueprints\primefaces-blueprints\chapter02\pom.xml.
2013-12-18 21:12:58,449 [Worker-19] WARN  o.e.m.c.i.embedder.EclipseLogger - Using platform encoding (Cp1252 actually) to copy filtered resources, i.e. build is platform dependent!
2013-12-18 21:12:58,452 [Worker-19] INFO  o.e.m.c.i.embedder.EclipseLogger - Copying 0 resource
2013-12-18 21:12:58,454 [Worker-19] WARN  o.e.m.c.i.embedder.EclipseLogger - Using platform encoding (Cp1252 actually) to copy filtered resources, i.e. build is platform dependent!
2013-12-18 21:12:58,455 [Worker-19] INFO  o.e.m.c.i.embedder.EclipseLogger - Copying 0 resource
2013-12-18 21:12:59,579 [Worker-25] INFO  o.e.m.c.i.l.LifecycleMappingFactory - Using NULL lifecycle mapping for MavenProject: com.packt.blueprints:primefaces-blueprints:0.0.1-SNAPSHOT @ D:\PrimefacesBlueprints\primefaces-blueprints\primefaces-blueprints\pom.xml.
2013-12-18 21:12:59,603 [Worker-25] INFO  o.e.m.c.i.l.LifecycleMappingFactory - Using org.maven.ide.eclipse.wtp.WarLifecycleMapping lifecycle mapping for MavenProject: com.packt.blueprints:chapter01:0.0.1-SNAPSHOT @ D:\PrimefacesBlueprints\primefaces-blueprints\primefaces-blueprints\chapter01\pom.xml.
2013-12-18 21:12:59,627 [Worker-25] INFO  o.e.m.c.i.l.LifecycleMappingFactory - Using org.maven.ide.eclipse.wtp.WarLifecycleMapping lifecycle mapping for MavenProject: com.packt.blueprints:chapter02:0.0.1-SNAPSHOT @ D:\PrimefacesBlueprints\primefaces-blueprints\primefaces-blueprints\chapter02\pom.xml.
2013-12-18 21:13:01,027 [Worker-22] WARN  o.e.m.c.i.embedder.EclipseLogger - Using platform encoding (Cp1252 actually) to copy filtered resources, i.e. build is platform dependent!
2013-12-18 21:13:01,028 [Worker-22] INFO  o.e.m.c.i.embedder.EclipseLogger - Copying 0 resource
2013-12-18 21:13:01,030 [Worker-22] WARN  o.e.m.c.i.embedder.EclipseLogger - Using platform encoding (Cp1252 actually) to copy filtered resources, i.e. build is platform dependent!
2013-12-18 21:13:01,031 [Worker-22] INFO  o.e.m.c.i.embedder.EclipseLogger - Copying 0 resource
2013-12-18 21:13:01,045 [Worker-22] WARN  o.e.m.c.i.embedder.EclipseLogger - Using platform encoding (Cp1252 actually) to copy filtered resources, i.e. build is platform dependent!
2013-12-18 21:13:01,046 [Worker-22] INFO  o.e.m.c.i.embedder.EclipseLogger - Copying 0 resource
2013-12-18 21:13:01,048 [Worker-22] WARN  o.e.m.c.i.embedder.EclipseLogger - Using platform encoding (Cp1252 actually) to copy filtered resources, i.e. build is platform dependent!
2013-12-18 21:13:01,050 [Worker-22] INFO  o.e.m.c.i.embedder.EclipseLogger - Copying 0 resource
2013-12-18 21:13:58,291 [Worker-19] INFO  o.e.m.c.i.l.LifecycleMappingFactory - Using org.maven.ide.eclipse.wtp.WarLifecycleMapping lifecycle mapping for MavenProject: com.packt.blueprints:chapter03:0.0.1-SNAPSHOT @ D:\PrimefacesBlueprints\primefaces-blueprints\primefaces-blueprints\chapter03\pom.xml.
2013-12-18 21:13:58,395 [Worker-19] INFO  o.e.m.j.i.AbstractJavaProjectConfigurator - Adding source folder /chapter03/src/main/java
2013-12-18 21:13:58,395 [Worker-19] INFO  o.e.m.j.i.AbstractJavaProjectConfigurator - Adding resource folder /chapter03/src/main/resources
2013-12-18 21:13:58,395 [Worker-19] INFO  o.e.m.j.i.AbstractJavaProjectConfigurator - Adding source folder /chapter03/src/test/java
2013-12-18 21:13:58,395 [Worker-19] INFO  o.e.m.j.i.AbstractJavaProjectConfigurator - Adding resource folder /chapter03/src/test/resources
2013-12-18 21:13:58,966 [Worker-22] INFO  o.e.m.c.i.l.LifecycleMappingFactory - Using org.maven.ide.eclipse.wtp.WarLifecycleMapping lifecycle mapping for MavenProject: com.packt.blueprints:chapter03:0.0.1-SNAPSHOT @ D:\PrimefacesBlueprints\primefaces-blueprints\primefaces-blueprints\chapter03\pom.xml.
2013-12-18 21:13:59,149 [Worker-22] WARN  o.e.m.c.i.embedder.EclipseLogger - Using platform encoding (Cp1252 actually) to copy filtered resources, i.e. build is platform dependent!
2013-12-18 21:13:59,150 [Worker-22] INFO  o.e.m.c.i.embedder.EclipseLogger - Copying 0 resource
2013-12-18 21:13:59,153 [Worker-22] WARN  o.e.m.c.i.embedder.EclipseLogger - Using platform encoding (Cp1252 actually) to copy filtered resources, i.e. build is platform dependent!
2013-12-18 21:13:59,154 [Worker-22] INFO  o.e.m.c.i.embedder.EclipseLogger - Copying 0 resource
2013-12-18 21:13:59,363 [Worker-16] WARN  o.e.m.c.i.embedder.EclipseLogger - Using platform encoding (Cp1252 actually) to copy filtered resources, i.e. build is platform dependent!
2013-12-18 21:13:59,364 [Worker-16] INFO  o.e.m.c.i.embedder.EclipseLogger - Copying 0 resource
2013-12-18 21:13:59,367 [Worker-16] WARN  o.e.m.c.i.embedder.EclipseLogger - Using platform encoding (Cp1252 actually) to copy filtered resources, i.e. build is platform dependent!
2013-12-18 21:13:59,367 [Worker-16] INFO  o.e.m.c.i.embedder.EclipseLogger - Copying 0 resource
2013-12-18 21:13:59,768 [Worker-23] INFO  o.e.m.c.i.l.LifecycleMappingFactory - Using org.maven.ide.eclipse.wtp.WarLifecycleMapping lifecycle mapping for MavenProject: com.packt.blueprints:chapter03:0.0.1-SNAPSHOT @ D:\PrimefacesBlueprints\primefaces-blueprints\primefaces-blueprints\chapter03\pom.xml.
2013-12-18 21:14:00,479 [Worker-23] WARN  o.e.m.c.i.embedder.EclipseLogger - Using platform encoding (Cp1252 actually) to copy filtered resources, i.e. build is platform dependent!
2013-12-18 21:14:00,480 [Worker-23] INFO  o.e.m.c.i.embedder.EclipseLogger - Copying 0 resource
2013-12-18 21:14:00,483 [Worker-23] WARN  o.e.m.c.i.embedder.EclipseLogger - Using platform encoding (Cp1252 actually) to copy filtered resources, i.e. build is platform dependent!
2013-12-18 21:14:00,484 [Worker-23] INFO  o.e.m.c.i.embedder.EclipseLogger - Copying 0 resource
2013-12-18 21:14:00,539 [Worker-23] INFO  o.e.m.c.i.l.LifecycleMappingFactory - Using NULL lifecycle mapping for MavenProject: com.packt.blueprints:primefaces-blueprints:0.0.1-SNAPSHOT @ D:\PrimefacesBlueprints\primefaces-blueprints\primefaces-blueprints\pom.xml.
2013-12-18 21:14:00,563 [Worker-23] INFO  o.e.m.c.i.l.LifecycleMappingFactory - Using org.maven.ide.eclipse.wtp.WarLifecycleMapping lifecycle mapping for MavenProject: com.packt.blueprints:chapter02:0.0.1-SNAPSHOT @ D:\PrimefacesBlueprints\primefaces-blueprints\primefaces-blueprints\chapter02\pom.xml.
2013-12-18 21:14:00,590 [Worker-23] INFO  o.e.m.c.i.l.LifecycleMappingFactory - Using org.maven.ide.eclipse.wtp.WarLifecycleMapping lifecycle mapping for MavenProject: com.packt.blueprints:chapter01:0.0.1-SNAPSHOT @ D:\PrimefacesBlueprints\primefaces-blueprints\primefaces-blueprints\chapter01\pom.xml.
2013-12-18 21:14:00,644 [Worker-23] INFO  o.e.m.c.i.l.LifecycleMappingFactory - Using org.maven.ide.eclipse.wtp.WarLifecycleMapping lifecycle mapping for MavenProject: com.packt.blueprints:chapter03:0.0.1-SNAPSHOT @ D:\PrimefacesBlueprints\primefaces-blueprints\primefaces-blueprints\chapter03\pom.xml.
2013-12-18 21:14:01,968 [Worker-18] WARN  o.e.m.c.i.embedder.EclipseLogger - Using platform encoding (Cp1252 actually) to copy filtered resources, i.e. build is platform dependent!
2013-12-18 21:14:01,969 [Worker-18] INFO  o.e.m.c.i.embedder.EclipseLogger - Copying 0 resource
2013-12-18 21:14:01,972 [Worker-18] WARN  o.e.m.c.i.embedder.EclipseLogger - Using platform encoding (Cp1252 actually) to copy filtered resources, i.e. build is platform dependent!
2013-12-18 21:14:01,973 [Worker-18] INFO  o.e.m.c.i.embedder.EclipseLogger - Copying 0 resource
2013-12-18 21:14:02,007 [Worker-18] WARN  o.e.m.c.i.embedder.EclipseLogger - Using platform encoding (Cp1252 actually) to copy filtered resources, i.e. build is platform dependent!
2013-12-18 21:14:02,008 [Worker-18] INFO  o.e.m.c.i.embedder.EclipseLogger - Copying 0 resource
2013-12-18 21:14:02,010 [Worker-18] WARN  o.e.m.c.i.embedder.EclipseLogger - Using platform encoding (Cp1252 actually) to copy filtered resources, i.e. build is platform dependent!
2013-12-18 21:14:02,010 [Worker-18] INFO  o.e.m.c.i.embedder.EclipseLogger - Copying 0 resource
2013-12-18 21:14:02,024 [Worker-18] WARN  o.e.m.c.i.embedder.EclipseLogger - Using platform encoding (Cp1252 actually) to copy filtered resources, i.e. build is platform dependent!
2013-12-18 21:14:02,025 [Worker-18] INFO  o.e.m.c.i.embedder.EclipseLogger - Copying 0 resource
2013-12-18 21:14:02,027 [Worker-18] WARN  o.e.m.c.i.embedder.EclipseLogger - Using platform encoding (Cp1252 actually) to copy filtered resources, i.e. build is platform dependent!
2013-12-18 21:14:02,028 [Worker-18] INFO  o.e.m.c.i.embedder.EclipseLogger - Copying 0 resource
2013-12-18 21:14:31,878 [Worker-25] INFO  o.e.m.c.i.l.LifecycleMappingFactory - Using org.maven.ide.eclipse.wtp.WarLifecycleMapping lifecycle mapping for MavenProject: com.packt.blueprints:chapter04:0.0.1-SNAPSHOT @ D:\PrimefacesBlueprints\primefaces-blueprints\primefaces-blueprints\chapter04\pom.xml.
2013-12-18 21:14:31,990 [Worker-25] INFO  o.e.m.j.i.AbstractJavaProjectConfigurator - Adding source folder /chapter04/src/main/java
2013-12-18 21:14:31,990 [Worker-25] INFO  o.e.m.j.i.AbstractJavaProjectConfigurator - Adding resource folder /chapter04/src/main/resources
2013-12-18 21:14:31,991 [Worker-25] INFO  o.e.m.j.i.AbstractJavaProjectConfigurator - Adding source folder /chapter04/src/test/java
2013-12-18 21:14:31,991 [Worker-25] INFO  o.e.m.j.i.AbstractJavaProjectConfigurator - Adding resource folder /chapter04/src/test/resources
2013-12-18 21:14:32,595 [Worker-26] INFO  o.e.m.c.i.l.LifecycleMappingFactory - Using org.maven.ide.eclipse.wtp.WarLifecycleMapping lifecycle mapping for MavenProject: com.packt.blueprints:chapter04:0.0.1-SNAPSHOT @ D:\PrimefacesBlueprints\primefaces-blueprints\primefaces-blueprints\chapter04\pom.xml.
2013-12-18 21:14:32,789 [Worker-26] WARN  o.e.m.c.i.embedder.EclipseLogger - Using platform encoding (Cp1252 actually) to copy filtered resources, i.e. build is platform dependent!
2013-12-18 21:14:32,790 [Worker-26] INFO  o.e.m.c.i.embedder.EclipseLogger - Copying 0 resource
2013-12-18 21:14:32,792 [Worker-26] WARN  o.e.m.c.i.embedder.EclipseLogger - Using platform encoding (Cp1252 actually) to copy filtered resources, i.e. build is platform dependent!
2013-12-18 21:14:32,793 [Worker-26] INFO  o.e.m.c.i.embedder.EclipseLogger - Copying 0 resource
2013-12-18 21:14:32,952 [Worker-26] WARN  o.e.m.c.i.embedder.EclipseLogger - Using platform encoding (Cp1252 actually) to copy filtered resources, i.e. build is platform dependent!
2013-12-18 21:14:32,953 [Worker-26] INFO  o.e.m.c.i.embedder.EclipseLogger - Copying 0 resource
2013-12-18 21:14:32,955 [Worker-26] WARN  o.e.m.c.i.embedder.EclipseLogger - Using platform encoding (Cp1252 actually) to copy filtered resources, i.e. build is platform dependent!
2013-12-18 21:14:32,956 [Worker-26] INFO  o.e.m.c.i.embedder.EclipseLogger - Copying 0 resource
2013-12-18 21:14:33,398 [Worker-27] INFO  o.e.m.c.i.l.LifecycleMappingFactory - Using org.maven.ide.eclipse.wtp.WarLifecycleMapping lifecycle mapping for MavenProject: com.packt.blueprints:chapter04:0.0.1-SNAPSHOT @ D:\PrimefacesBlueprints\primefaces-blueprints\primefaces-blueprints\chapter04\pom.xml.
2013-12-18 21:14:34,061 [Worker-23] WARN  o.e.m.c.i.embedder.EclipseLogger - Using platform encoding (Cp1252 actually) to copy filtered resources, i.e. build is platform dependent!
2013-12-18 21:14:34,062 [Worker-23] INFO  o.e.m.c.i.embedder.EclipseLogger - Copying 0 resource
2013-12-18 21:14:34,066 [Worker-23] WARN  o.e.m.c.i.embedder.EclipseLogger - Using platform encoding (Cp1252 actually) to copy filtered resources, i.e. build is platform dependent!
2013-12-18 21:14:34,067 [Worker-23] INFO  o.e.m.c.i.embedder.EclipseLogger - Copying 0 resource
2013-12-18 21:14:34,144 [Worker-23] INFO  o.e.m.c.i.l.LifecycleMappingFactory - Using NULL lifecycle mapping for MavenProject: com.packt.blueprints:primefaces-blueprints:0.0.1-SNAPSHOT @ D:\PrimefacesBlueprints\primefaces-blueprints\primefaces-blueprints\pom.xml.
2013-12-18 21:14:34,169 [Worker-23] INFO  o.e.m.c.i.l.LifecycleMappingFactory - Using org.maven.ide.eclipse.wtp.WarLifecycleMapping lifecycle mapping for MavenProject: com.packt.blueprints:chapter03:0.0.1-SNAPSHOT @ D:\PrimefacesBlueprints\primefaces-blueprints\primefaces-blueprints\chapter03\pom.xml.
2013-12-18 21:14:34,211 [Worker-23] INFO  o.e.m.c.i.l.LifecycleMappingFactory - Using org.maven.ide.eclipse.wtp.WarLifecycleMapping lifecycle mapping for MavenProject: com.packt.blueprints:chapter01:0.0.1-SNAPSHOT @ D:\PrimefacesBlueprints\primefaces-blueprints\primefaces-blueprints\chapter01\pom.xml.
2013-12-18 21:14:34,238 [Worker-23] INFO  o.e.m.c.i.l.LifecycleMappingFactory - Using org.maven.ide.eclipse.wtp.WarLifecycleMapping lifecycle mapping for MavenProject: com.packt.blueprints:chapter02:0.0.1-SNAPSHOT @ D:\PrimefacesBlueprints\primefaces-blueprints\primefaces-blueprints\chapter02\pom.xml.
2013-12-18 21:14:34,269 [Worker-23] INFO  o.e.m.c.i.l.LifecycleMappingFactory - Using org.maven.ide.eclipse.wtp.WarLifecycleMapping lifecycle mapping for MavenProject: com.packt.blueprints:chapter04:0.0.1-SNAPSHOT @ D:\PrimefacesBlueprints\primefaces-blueprints\primefaces-blueprints\chapter04\pom.xml.
2013-12-18 21:14:35,744 [Worker-23] WARN  o.e.m.c.i.embedder.EclipseLogger - Using platform encoding (Cp1252 actually) to copy filtered resources, i.e. build is platform dependent!
2013-12-18 21:14:35,745 [Worker-23] INFO  o.e.m.c.i.embedder.EclipseLogger - Copying 0 resource
2013-12-18 21:14:35,749 [Worker-23] WARN  o.e.m.c.i.embedder.EclipseLogger - Using platform encoding (Cp1252 actually) to copy filtered resources, i.e. build is platform dependent!
2013-12-18 21:14:35,750 [Worker-23] INFO  o.e.m.c.i.embedder.EclipseLogger - Copying 0 resource
2013-12-18 21:14:35,770 [Worker-23] WARN  o.e.m.c.i.embedder.EclipseLogger - Using platform encoding (Cp1252 actually) to copy filtered resources, i.e. build is platform dependent!
2013-12-18 21:14:35,771 [Worker-23] INFO  o.e.m.c.i.embedder.EclipseLogger - Copying 0 resource
2013-12-18 21:14:35,773 [Worker-23] WARN  o.e.m.c.i.embedder.EclipseLogger - Using platform encoding (Cp1252 actually) to copy filtered resources, i.e. build is platform dependent!
2013-12-18 21:14:35,774 [Worker-23] INFO  o.e.m.c.i.embedder.EclipseLogger - Copying 0 resource
2013-12-18 21:14:35,786 [Worker-23] WARN  o.e.m.c.i.embedder.EclipseLogger - Using platform encoding (Cp1252 actually) to copy filtered resources, i.e. build is platform dependent!
2013-12-18 21:14:35,787 [Worker-23] INFO  o.e.m.c.i.embedder.EclipseLogger - Copying 0 resource
2013-12-18 21:14:35,788 [Worker-23] WARN  o.e.m.c.i.embedder.EclipseLogger - Using platform encoding (Cp1252 actually) to copy filtered resources, i.e. build is platform dependent!
2013-12-18 21:14:35,789 [Worker-23] INFO  o.e.m.c.i.embedder.EclipseLogger - Copying 0 resource
2013-12-18 21:14:35,803 [Worker-23] WARN  o.e.m.c.i.embedder.EclipseLogger - Using platform encoding (Cp1252 actually) to copy filtered resources, i.e. build is platform dependent!
2013-12-18 21:14:35,804 [Worker-23] INFO  o.e.m.c.i.embedder.EclipseLogger - Copying 0 resource
2013-12-18 21:14:35,805 [Worker-23] WARN  o.e.m.c.i.embedder.EclipseLogger - Using platform encoding (Cp1252 actually) to copy filtered resources, i.e. build is platform dependent!
2013-12-18 21:14:35,806 [Worker-23] INFO  o.e.m.c.i.embedder.EclipseLogger - Copying 0 resource
2013-12-18 21:15:09,122 [Worker-28] INFO  o.e.m.c.i.l.LifecycleMappingFactory - Using org.maven.ide.eclipse.wtp.WarLifecycleMapping lifecycle mapping for MavenProject: com.packt.blueprints:chapter05:0.0.1-SNAPSHOT @ D:\PrimefacesBlueprints\primefaces-blueprints\primefaces-blueprints\chapter05\pom.xml.
2013-12-18 21:15:09,256 [Worker-28] INFO  o.e.m.j.i.AbstractJavaProjectConfigurator - Adding source folder /chapter05/src/main/java
2013-12-18 21:15:09,257 [Worker-28] INFO  o.e.m.j.i.AbstractJavaProjectConfigurator - Adding resource folder /chapter05/src/main/resources
2013-12-18 21:15:09,257 [Worker-28] INFO  o.e.m.j.i.AbstractJavaProjectConfigurator - Adding source folder /chapter05/src/test/java
2013-12-18 21:15:09,257 [Worker-28] INFO  o.e.m.j.i.AbstractJavaProjectConfigurator - Adding resource folder /chapter05/src/test/resources
2013-12-18 21:15:09,970 [Worker-27] INFO  o.e.m.c.i.l.LifecycleMappingFactory - Using org.maven.ide.eclipse.wtp.WarLifecycleMapping lifecycle mapping for MavenProject: com.packt.blueprints:chapter05:0.0.1-SNAPSHOT @ D:\PrimefacesBlueprints\primefaces-blueprints\primefaces-blueprints\chapter05\pom.xml.
2013-12-18 21:15:10,138 [Worker-27] WARN  o.e.m.c.i.embedder.EclipseLogger - Using platform encoding (Cp1252 actually) to copy filtered resources, i.e. build is platform dependent!
2013-12-18 21:15:10,139 [Worker-27] INFO  o.e.m.c.i.embedder.EclipseLogger - Copying 0 resource
2013-12-18 21:15:10,141 [Worker-27] WARN  o.e.m.c.i.embedder.EclipseLogger - Using platform encoding (Cp1252 actually) to copy filtered resources, i.e. build is platform dependent!
2013-12-18 21:15:10,142 [Worker-27] INFO  o.e.m.c.i.embedder.EclipseLogger - Copying 0 resource
2013-12-18 21:15:10,334 [Worker-25] WARN  o.e.m.c.i.embedder.EclipseLogger - Using platform encoding (Cp1252 actually) to copy filtered resources, i.e. build is platform dependent!
2013-12-18 21:15:10,334 [Worker-25] INFO  o.e.m.c.i.embedder.EclipseLogger - Copying 0 resource
2013-12-18 21:15:10,336 [Worker-25] WARN  o.e.m.c.i.embedder.EclipseLogger - Using platform encoding (Cp1252 actually) to copy filtered resources, i.e. build is platform dependent!
2013-12-18 21:15:10,337 [Worker-25] INFO  o.e.m.c.i.embedder.EclipseLogger - Copying 0 resource
2013-12-18 21:15:10,674 [Worker-25] INFO  o.e.m.c.i.l.LifecycleMappingFactory - Using org.maven.ide.eclipse.wtp.WarLifecycleMapping lifecycle mapping for MavenProject: com.packt.blueprints:chapter05:0.0.1-SNAPSHOT @ D:\PrimefacesBlueprints\primefaces-blueprints\primefaces-blueprints\chapter05\pom.xml.
2013-12-18 21:15:11,525 [Worker-18] WARN  o.e.m.c.i.embedder.EclipseLogger - Using platform encoding (Cp1252 actually) to copy filtered resources, i.e. build is platform dependent!
2013-12-18 21:15:11,526 [Worker-18] INFO  o.e.m.c.i.embedder.EclipseLogger - Copying 0 resource
2013-12-18 21:15:11,528 [Worker-18] WARN  o.e.m.c.i.embedder.EclipseLogger - Using platform encoding (Cp1252 actually) to copy filtered resources, i.e. build is platform dependent!
2013-12-18 21:15:11,529 [Worker-18] INFO  o.e.m.c.i.embedder.EclipseLogger - Copying 0 resource
2013-12-18 21:15:11,668 [Worker-18] INFO  o.e.m.c.i.l.LifecycleMappingFactory - Using NULL lifecycle mapping for MavenProject: com.packt.blueprints:primefaces-blueprints:0.0.1-SNAPSHOT @ D:\PrimefacesBlueprints\primefaces-blueprints\primefaces-blueprints\pom.xml.
2013-12-18 21:15:11,705 [Worker-18] INFO  o.e.m.c.i.l.LifecycleMappingFactory - Using org.maven.ide.eclipse.wtp.WarLifecycleMapping lifecycle mapping for MavenProject: com.packt.blueprints:chapter03:0.0.1-SNAPSHOT @ D:\PrimefacesBlueprints\primefaces-blueprints\primefaces-blueprints\chapter03\pom.xml.
2013-12-18 21:15:11,739 [Worker-18] INFO  o.e.m.c.i.l.LifecycleMappingFactory - Using org.maven.ide.eclipse.wtp.WarLifecycleMapping lifecycle mapping for MavenProject: com.packt.blueprints:chapter02:0.0.1-SNAPSHOT @ D:\PrimefacesBlueprints\primefaces-blueprints\primefaces-blueprints\chapter02\pom.xml.
2013-12-18 21:15:11,779 [Worker-18] INFO  o.e.m.c.i.l.LifecycleMappingFactory - Using org.maven.ide.eclipse.wtp.WarLifecycleMapping lifecycle mapping for MavenProject: com.packt.blueprints:chapter01:0.0.1-SNAPSHOT @ D:\PrimefacesBlueprints\primefaces-blueprints\primefaces-blueprints\chapter01\pom.xml.
2013-12-18 21:15:11,821 [Worker-18] INFO  o.e.m.c.i.l.LifecycleMappingFactory - Using org.maven.ide.eclipse.wtp.WarLifecycleMapping lifecycle mapping for MavenProject: com.packt.blueprints:chapter04:0.0.1-SNAPSHOT @ D:\PrimefacesBlueprints\primefaces-blueprints\primefaces-blueprints\chapter04\pom.xml.
2013-12-18 21:15:11,849 [Worker-18] INFO  o.e.m.c.i.l.LifecycleMappingFactory - Using org.maven.ide.eclipse.wtp.WarLifecycleMapping lifecycle mapping for MavenProject: com.packt.blueprints:chapter05:0.0.1-SNAPSHOT @ D:\PrimefacesBlueprints\primefaces-blueprints\primefaces-blueprints\chapter05\pom.xml.
2013-12-18 21:15:13,850 [Worker-18] WARN  o.e.m.c.i.embedder.EclipseLogger - Using platform encoding (Cp1252 actually) to copy filtered resources, i.e. build is platform dependent!
2013-12-18 21:15:13,851 [Worker-18] INFO  o.e.m.c.i.embedder.EclipseLogger - Copying 0 resource
2013-12-18 21:15:13,853 [Worker-18] WARN  o.e.m.c.i.embedder.EclipseLogger - Using platform encoding (Cp1252 actually) to copy filtered resources, i.e. build is platform dependent!
2013-12-18 21:15:13,854 [Worker-18] INFO  o.e.m.c.i.embedder.EclipseLogger - Copying 0 resource
2013-12-18 21:15:13,891 [Worker-18] WARN  o.e.m.c.i.embedder.EclipseLogger - Using platform encoding (Cp1252 actually) to copy filtered resources, i.e. build is platform dependent!
2013-12-18 21:15:13,892 [Worker-18] INFO  o.e.m.c.i.embedder.EclipseLogger - Copying 0 resource
2013-12-18 21:15:13,894 [Worker-18] WARN  o.e.m.c.i.embedder.EclipseLogger - Using platform encoding (Cp1252 actually) to copy filtered resources, i.e. build is platform dependent!
2013-12-18 21:15:13,894 [Worker-18] INFO  o.e.m.c.i.embedder.EclipseLogger - Copying 0 resource
2013-12-18 21:15:13,951 [Worker-18] WARN  o.e.m.c.i.embedder.EclipseLogger - Using platform encoding (Cp1252 actually) to copy filtered resources, i.e. build is platform dependent!
2013-12-18 21:15:13,952 [Worker-18] INFO  o.e.m.c.i.embedder.EclipseLogger - Copying 0 resource
2013-12-18 21:15:13,954 [Worker-18] WARN  o.e.m.c.i.embedder.EclipseLogger - Using platform encoding (Cp1252 actually) to copy filtered resources, i.e. build is platform dependent!
2013-12-18 21:15:13,955 [Worker-18] INFO  o.e.m.c.i.embedder.EclipseLogger - Copying 0 resource
2013-12-18 21:15:13,991 [Worker-18] WARN  o.e.m.c.i.embedder.EclipseLogger - Using platform encoding (Cp1252 actually) to copy filtered resources, i.e. build is platform dependent!
2013-12-18 21:15:13,992 [Worker-18] INFO  o.e.m.c.i.embedder.EclipseLogger - Copying 0 resource
2013-12-18 21:15:14,001 [Worker-18] WARN  o.e.m.c.i.embedder.EclipseLogger - Using platform encoding (Cp1252 actually) to copy filtered resources, i.e. build is platform dependent!
2013-12-18 21:15:14,002 [Worker-18] INFO  o.e.m.c.i.embedder.EclipseLogger - Copying 0 resource
2013-12-18 21:15:14,021 [Worker-18] WARN  o.e.m.c.i.embedder.EclipseLogger - Using platform encoding (Cp1252 actually) to copy filtered resources, i.e. build is platform dependent!
2013-12-18 21:15:14,022 [Worker-18] INFO  o.e.m.c.i.embedder.EclipseLogger - Copying 0 resource
2013-12-18 21:15:14,024 [Worker-18] WARN  o.e.m.c.i.embedder.EclipseLogger - Using platform encoding (Cp1252 actually) to copy filtered resources, i.e. build is platform dependent!
2013-12-18 21:15:14,042 [Worker-18] INFO  o.e.m.c.i.embedder.EclipseLogger - Copying 0 resource
